<?xml version="1.0" encoding="UTF-8"?>
<!-- Generated by org.testng.reporters.JUnitXMLReporter -->
<testsuite hostname="HarithaPC" name="Default test" tests="1" failures="0" timestamp="26 Apr 2018 19:26:45 GMT" time="0.047" errors="0">
  <testcase name="@BeforeTest startUpTest" time="0.0" classname="com.mosaicsmartdata.technicaltest.tests.LoginTest">
    <failure type="java.lang.NullPointerException">
      <![CDATA[java.lang.NullPointerException
	at com.mosaicsmartdata.technicaltest.excelutils.Xls_Reader.isSheetExist(Xls_Reader.java:115)
	at com.mosaicsmartdata.technicaltest.excelutils.Xls_Reader.getColumnCount(Xls_Reader.java:100)
	at com.mosaicsmartdata.technicaltest.basetest.BaseTest.readTestDatFromXLS(BaseTest.java:63)
	at com.mosaicsmartdata.technicaltest.basetest.BaseTest.startUpTest(BaseTest.java:37)
	at sun.reflect.NativeMethodAccessorImpl.invoke0(Native Method)
	at sun.reflect.NativeMethodAccessorImpl.invoke(Unknown Source)
	at sun.reflect.DelegatingMethodAccessorImpl.invoke(Unknown Source)
	at java.lang.reflect.Method.invoke(Unknown Source)
	at org.testng.internal.MethodInvocationHelper.invokeMethod(MethodInvocationHelper.java:80)
	at org.testng.internal.Invoker.invokeConfigurationMethod(Invoker.java:564)
	at org.testng.internal.Invoker.invokeConfigurations(Invoker.java:213)
	at org.testng.internal.Invoker.invokeConfigurations(Invoker.java:138)
	at org.testng.TestRunner.beforeRun(TestRunner.java:641)
	at org.testng.TestRunner.run(TestRunner.java:609)
	at org.testng.SuiteRunner.runTest(SuiteRunner.java:334)
	at org.testng.SuiteRunner.runSequentially(SuiteRunner.java:329)
	at org.testng.SuiteRunner.privateRun(SuiteRunner.java:291)
	at org.testng.SuiteRunner.run(SuiteRunner.java:240)
	at org.testng.SuiteRunnerWorker.runSuite(SuiteRunnerWorker.java:52)
	at org.testng.SuiteRunnerWorker.run(SuiteRunnerWorker.java:86)
	at org.testng.TestNG.runSuitesSequentially(TestNG.java:1198)
	at org.testng.TestNG.runSuitesLocally(TestNG.java:1123)
	at org.testng.TestNG.run(TestNG.java:1031)
	at org.testng.remote.AbstractRemoteTestNG.run(AbstractRemoteTestNG.java:114)
	at org.testng.remote.RemoteTestNG.initAndRun(RemoteTestNG.java:251)
	at org.testng.remote.RemoteTestNG.main(RemoteTestNG.java:77)
]]>
    </failure>
  </testcase> <!-- @BeforeTest startUpTest -->
  <testcase name="logintest" time="0.0" classname="com.mosaicsmartdata.technicaltest.tests.LoginTest">
    <skipped/>
  </testcase> <!-- logintest -->
</testsuite> <!-- Default test -->
